<?xml version="1.0" encoding="UTF-8"?>
<testng-results ignored="0" total="11" passed="9" failed="2" skipped="0">
  <reporter-output>
  </reporter-output>
  <suite started-at="2020-02-28T11:35:15 IST" name="Suite1" finished-at="2020-02-28T11:38:06 IST" duration-ms="170993">
    <groups>
    </groups>
    <test started-at="2020-02-28T11:35:15 IST" name="OrangeHrms" finished-at="2020-02-28T11:38:06 IST" duration-ms="170993">
      <class name="com.hrms.qa.testcases.AddEmpTest">
        <test-method is-config="true" signature="SetUp()[pri:0, instance:com.hrms.qa.testcases.AddEmpTest@7c83dc97]" started-at="2020-02-28T11:36:28 IST" name="SetUp" finished-at="2020-02-28T11:36:35 IST" duration-ms="6788" status="PASS">
          <reporter-output>
          </reporter-output>
        </test-method> <!-- SetUp -->
        <test-method signature="AddnewEmp(java.lang.String, java.lang.String)[pri:0, instance:com.hrms.qa.testcases.AddEmpTest@7c83dc97]" started-at="2020-02-28T11:36:35 IST" name="AddnewEmp" data-provider="AddEmpTestData" finished-at="2020-02-28T11:36:42 IST" duration-ms="7633" status="PASS">
          <params>
            <param index="0">
              <value>
                <![CDATA[Anil]]>
              </value>
            </param>
            <param index="1">
              <value>
                <![CDATA[selenium]]>
              </value>
            </param>
          </params>
          <reporter-output>
          </reporter-output>
        </test-method> <!-- AddnewEmp -->
        <test-method is-config="true" signature="tearDown()[pri:0, instance:com.hrms.qa.testcases.AddEmpTest@7c83dc97]" started-at="2020-02-28T11:36:42 IST" name="tearDown" finished-at="2020-02-28T11:36:43 IST" duration-ms="854" status="PASS">
          <reporter-output>
          </reporter-output>
        </test-method> <!-- tearDown -->
        <test-method is-config="true" signature="SetUp()[pri:0, instance:com.hrms.qa.testcases.AddEmpTest@7c83dc97]" started-at="2020-02-28T11:36:43 IST" name="SetUp" finished-at="2020-02-28T11:36:51 IST" duration-ms="8035" status="PASS">
          <reporter-output>
          </reporter-output>
        </test-method> <!-- SetUp -->
        <test-method signature="AddnewEmp(java.lang.String, java.lang.String)[pri:0, instance:com.hrms.qa.testcases.AddEmpTest@7c83dc97]" started-at="2020-02-28T11:36:51 IST" name="AddnewEmp" data-provider="AddEmpTestData" finished-at="2020-02-28T11:36:59 IST" duration-ms="7619" status="FAIL">
          <params>
            <param index="0">
              <value>
                <![CDATA[MC]]>
              </value>
            </param>
            <param index="1">
              <value>
                <![CDATA[shan]]>
              </value>
            </param>
          </params>
          <exception class="org.openqa.selenium.NoSuchElementException">
            <message>
              <![CDATA[no such element: Unable to locate element: {"method":"xpath","selector":"//input[@id='txtEmployeeId']"}
  (Session info: chrome=80.0.3987.122)
For documentation on this error, please visit: https://www.seleniumhq.org/exceptions/no_such_element.html
Build info: version: '3.141.59', revision: 'e82be7d358', time: '2018-11-14T08:17:03'
System info: host: 'LENOVO-PC', ip: '192.168.56.1', os.name: 'Windows 8.1', os.arch: 'amd64', os.version: '6.3', java.version: '11.0.5'
Driver info: org.openqa.selenium.chrome.ChromeDriver
Capabilities {acceptInsecureCerts: false, browserName: chrome, browserVersion: 80.0.3987.122, chrome: {chromedriverVersion: 79.0.3945.36 (3582db32b3389..., userDataDir: C:\Users\AMARKU~1\AppData\L...}, goog:chromeOptions: {debuggerAddress: localhost:51091}, javascriptEnabled: true, networkConnectionEnabled: false, pageLoadStrategy: normal, platform: WINDOWS, platformName: WINDOWS, proxy: Proxy(), setWindowRect: true, strictFileInteractability: false, timeouts: {implicit: 0, pageLoad: 300000, script: 30000}, unhandledPromptBehavior: dismiss and notify}
Session ID: f679662f6df5b9ece2e7f8ee40de9d8a
*** Element info: {Using=xpath, value=//input[@id='txtEmployeeId']}]]>
            </message>
            <full-stacktrace>
              <![CDATA[org.openqa.selenium.NoSuchElementException: no such element: Unable to locate element: {"method":"xpath","selector":"//input[@id='txtEmployeeId']"}
  (Session info: chrome=80.0.3987.122)
For documentation on this error, please visit: https://www.seleniumhq.org/exceptions/no_such_element.html
Build info: version: '3.141.59', revision: 'e82be7d358', time: '2018-11-14T08:17:03'
System info: host: 'LENOVO-PC', ip: '192.168.56.1', os.name: 'Windows 8.1', os.arch: 'amd64', os.version: '6.3', java.version: '11.0.5'
Driver info: org.openqa.selenium.chrome.ChromeDriver
Capabilities {acceptInsecureCerts: false, browserName: chrome, browserVersion: 80.0.3987.122, chrome: {chromedriverVersion: 79.0.3945.36 (3582db32b3389..., userDataDir: C:\Users\AMARKU~1\AppData\L...}, goog:chromeOptions: {debuggerAddress: localhost:51091}, javascriptEnabled: true, networkConnectionEnabled: false, pageLoadStrategy: normal, platform: WINDOWS, platformName: WINDOWS, proxy: Proxy(), setWindowRect: true, strictFileInteractability: false, timeouts: {implicit: 0, pageLoad: 300000, script: 30000}, unhandledPromptBehavior: dismiss and notify}
Session ID: f679662f6df5b9ece2e7f8ee40de9d8a
*** Element info: {Using=xpath, value=//input[@id='txtEmployeeId']}
at java.base/jdk.internal.reflect.NativeConstructorAccessorImpl.newInstance0(Native Method)
at java.base/jdk.internal.reflect.NativeConstructorAccessorImpl.newInstance(NativeConstructorAccessorImpl.java:62)
at java.base/jdk.internal.reflect.DelegatingConstructorAccessorImpl.newInstance(DelegatingConstructorAccessorImpl.java:45)
at java.base/java.lang.reflect.Constructor.newInstance(Constructor.java:490)
at org.openqa.selenium.remote.http.W3CHttpResponseCodec.createException(W3CHttpResponseCodec.java:187)
at org.openqa.selenium.remote.http.W3CHttpResponseCodec.decode(W3CHttpResponseCodec.java:122)
at org.openqa.selenium.remote.http.W3CHttpResponseCodec.decode(W3CHttpResponseCodec.java:49)
at org.openqa.selenium.remote.HttpCommandExecutor.execute(HttpCommandExecutor.java:158)
at org.openqa.selenium.remote.service.DriverCommandExecutor.execute(DriverCommandExecutor.java:83)
at org.openqa.selenium.remote.RemoteWebDriver.execute(RemoteWebDriver.java:552)
at org.openqa.selenium.remote.RemoteWebDriver.findElement(RemoteWebDriver.java:323)
at org.openqa.selenium.remote.RemoteWebDriver.findElementByXPath(RemoteWebDriver.java:428)
at org.openqa.selenium.By$ByXPath.findElement(By.java:353)
at org.openqa.selenium.remote.RemoteWebDriver.findElement(RemoteWebDriver.java:315)
at jdk.internal.reflect.GeneratedMethodAccessor3.invoke(Unknown Source)
at java.base/jdk.internal.reflect.DelegatingMethodAccessorImpl.invoke(DelegatingMethodAccessorImpl.java:43)
at java.base/java.lang.reflect.Method.invoke(Method.java:566)
at org.openqa.selenium.support.events.EventFiringWebDriver.lambda$new$1(EventFiringWebDriver.java:105)
at com.sun.proxy.$Proxy11.findElement(Unknown Source)
at org.openqa.selenium.support.events.EventFiringWebDriver.findElement(EventFiringWebDriver.java:194)
at com.hrms.qa.pages.AddEmp.AddNewEmp(AddEmp.java:47)
at com.hrms.qa.testcases.AddEmpTest.AddnewEmp(AddEmpTest.java:49)
at java.base/jdk.internal.reflect.NativeMethodAccessorImpl.invoke0(Native Method)
at java.base/jdk.internal.reflect.NativeMethodAccessorImpl.invoke(NativeMethodAccessorImpl.java:62)
at java.base/jdk.internal.reflect.DelegatingMethodAccessorImpl.invoke(DelegatingMethodAccessorImpl.java:43)
at java.base/java.lang.reflect.Method.invoke(Method.java:566)
at org.testng.internal.MethodInvocationHelper.invokeMethod(MethodInvocationHelper.java:133)
at org.testng.internal.TestInvoker.invokeMethod(TestInvoker.java:584)
at org.testng.internal.TestInvoker.invokeTestMethod(TestInvoker.java:172)
at org.testng.internal.MethodRunner.runInSequence(MethodRunner.java:46)
at org.testng.internal.TestInvoker$MethodInvocationAgent.invoke(TestInvoker.java:804)
at org.testng.internal.TestInvoker.invokeTestMethods(TestInvoker.java:145)
at org.testng.internal.TestMethodWorker.invokeTestMethods(TestMethodWorker.java:146)
at org.testng.internal.TestMethodWorker.run(TestMethodWorker.java:128)
at java.base/java.util.ArrayList.forEach(ArrayList.java:1540)
at org.testng.TestRunner.privateRun(TestRunner.java:770)
at org.testng.TestRunner.run(TestRunner.java:591)
at org.testng.SuiteRunner.runTest(SuiteRunner.java:402)
at org.testng.SuiteRunner.runSequentially(SuiteRunner.java:396)
at org.testng.SuiteRunner.privateRun(SuiteRunner.java:355)
at org.testng.SuiteRunner.run(SuiteRunner.java:304)
at org.testng.SuiteRunnerWorker.runSuite(SuiteRunnerWorker.java:53)
at org.testng.SuiteRunnerWorker.run(SuiteRunnerWorker.java:96)
at org.testng.TestNG.runSuitesSequentially(TestNG.java:1180)
at org.testng.TestNG.runSuitesLocally(TestNG.java:1102)
at org.testng.TestNG.runSuites(TestNG.java:1032)
at org.testng.TestNG.run(TestNG.java:1000)
at org.testng.remote.AbstractRemoteTestNG.run(AbstractRemoteTestNG.java:115)
at org.testng.remote.RemoteTestNG.initAndRun(RemoteTestNG.java:251)
at org.testng.remote.RemoteTestNG.main(RemoteTestNG.java:77)
]]>
            </full-stacktrace>
          </exception> <!-- org.openqa.selenium.NoSuchElementException -->
          <reporter-output>
          </reporter-output>
        </test-method> <!-- AddnewEmp -->
        <test-method is-config="true" signature="tearDown()[pri:0, instance:com.hrms.qa.testcases.AddEmpTest@7c83dc97]" started-at="2020-02-28T11:36:59 IST" name="tearDown" finished-at="2020-02-28T11:37:00 IST" duration-ms="728" status="PASS">
          <reporter-output>
          </reporter-output>
        </test-method> <!-- tearDown -->
        <test-method is-config="true" signature="SetUp()[pri:0, instance:com.hrms.qa.testcases.AddEmpTest@7c83dc97]" started-at="2020-02-28T11:37:00 IST" name="SetUp" finished-at="2020-02-28T11:37:10 IST" duration-ms="10743" status="PASS">
          <reporter-output>
          </reporter-output>
        </test-method> <!-- SetUp -->
        <test-method signature="AddnewEmp(java.lang.String, java.lang.String)[pri:0, instance:com.hrms.qa.testcases.AddEmpTest@7c83dc97]" started-at="2020-02-28T11:37:10 IST" name="AddnewEmp" data-provider="AddEmpTestData" finished-at="2020-02-28T11:37:18 IST" duration-ms="7637" status="FAIL">
          <params>
            <param index="0">
              <value>
                <![CDATA[BC]]>
              </value>
            </param>
            <param index="1">
              <value>
                <![CDATA[maan]]>
              </value>
            </param>
          </params>
          <exception class="org.openqa.selenium.NoSuchElementException">
            <message>
              <![CDATA[no such element: Unable to locate element: {"method":"xpath","selector":"//input[@id='txtEmployeeId']"}
  (Session info: chrome=80.0.3987.122)
For documentation on this error, please visit: https://www.seleniumhq.org/exceptions/no_such_element.html
Build info: version: '3.141.59', revision: 'e82be7d358', time: '2018-11-14T08:17:03'
System info: host: 'LENOVO-PC', ip: '192.168.56.1', os.name: 'Windows 8.1', os.arch: 'amd64', os.version: '6.3', java.version: '11.0.5'
Driver info: org.openqa.selenium.chrome.ChromeDriver
Capabilities {acceptInsecureCerts: false, browserName: chrome, browserVersion: 80.0.3987.122, chrome: {chromedriverVersion: 79.0.3945.36 (3582db32b3389..., userDataDir: C:\Users\AMARKU~1\AppData\L...}, goog:chromeOptions: {debuggerAddress: localhost:51123}, javascriptEnabled: true, networkConnectionEnabled: false, pageLoadStrategy: normal, platform: WINDOWS, platformName: WINDOWS, proxy: Proxy(), setWindowRect: true, strictFileInteractability: false, timeouts: {implicit: 0, pageLoad: 300000, script: 30000}, unhandledPromptBehavior: dismiss and notify}
Session ID: defb71220c28303928cc4dc32c7c8275
*** Element info: {Using=xpath, value=//input[@id='txtEmployeeId']}]]>
            </message>
            <full-stacktrace>
              <![CDATA[org.openqa.selenium.NoSuchElementException: no such element: Unable to locate element: {"method":"xpath","selector":"//input[@id='txtEmployeeId']"}
  (Session info: chrome=80.0.3987.122)
For documentation on this error, please visit: https://www.seleniumhq.org/exceptions/no_such_element.html
Build info: version: '3.141.59', revision: 'e82be7d358', time: '2018-11-14T08:17:03'
System info: host: 'LENOVO-PC', ip: '192.168.56.1', os.name: 'Windows 8.1', os.arch: 'amd64', os.version: '6.3', java.version: '11.0.5'
Driver info: org.openqa.selenium.chrome.ChromeDriver
Capabilities {acceptInsecureCerts: false, browserName: chrome, browserVersion: 80.0.3987.122, chrome: {chromedriverVersion: 79.0.3945.36 (3582db32b3389..., userDataDir: C:\Users\AMARKU~1\AppData\L...}, goog:chromeOptions: {debuggerAddress: localhost:51123}, javascriptEnabled: true, networkConnectionEnabled: false, pageLoadStrategy: normal, platform: WINDOWS, platformName: WINDOWS, proxy: Proxy(), setWindowRect: true, strictFileInteractability: false, timeouts: {implicit: 0, pageLoad: 300000, script: 30000}, unhandledPromptBehavior: dismiss and notify}
Session ID: defb71220c28303928cc4dc32c7c8275
*** Element info: {Using=xpath, value=//input[@id='txtEmployeeId']}
at java.base/jdk.internal.reflect.NativeConstructorAccessorImpl.newInstance0(Native Method)
at java.base/jdk.internal.reflect.NativeConstructorAccessorImpl.newInstance(NativeConstructorAccessorImpl.java:62)
at java.base/jdk.internal.reflect.DelegatingConstructorAccessorImpl.newInstance(DelegatingConstructorAccessorImpl.java:45)
at java.base/java.lang.reflect.Constructor.newInstance(Constructor.java:490)
at org.openqa.selenium.remote.http.W3CHttpResponseCodec.createException(W3CHttpResponseCodec.java:187)
at org.openqa.selenium.remote.http.W3CHttpResponseCodec.decode(W3CHttpResponseCodec.java:122)
at org.openqa.selenium.remote.http.W3CHttpResponseCodec.decode(W3CHttpResponseCodec.java:49)
at org.openqa.selenium.remote.HttpCommandExecutor.execute(HttpCommandExecutor.java:158)
at org.openqa.selenium.remote.service.DriverCommandExecutor.execute(DriverCommandExecutor.java:83)
at org.openqa.selenium.remote.RemoteWebDriver.execute(RemoteWebDriver.java:552)
at org.openqa.selenium.remote.RemoteWebDriver.findElement(RemoteWebDriver.java:323)
at org.openqa.selenium.remote.RemoteWebDriver.findElementByXPath(RemoteWebDriver.java:428)
at org.openqa.selenium.By$ByXPath.findElement(By.java:353)
at org.openqa.selenium.remote.RemoteWebDriver.findElement(RemoteWebDriver.java:315)
at jdk.internal.reflect.GeneratedMethodAccessor3.invoke(Unknown Source)
at java.base/jdk.internal.reflect.DelegatingMethodAccessorImpl.invoke(DelegatingMethodAccessorImpl.java:43)
at java.base/java.lang.reflect.Method.invoke(Method.java:566)
at org.openqa.selenium.support.events.EventFiringWebDriver.lambda$new$1(EventFiringWebDriver.java:105)
at com.sun.proxy.$Proxy11.findElement(Unknown Source)
at org.openqa.selenium.support.events.EventFiringWebDriver.findElement(EventFiringWebDriver.java:194)
at com.hrms.qa.pages.AddEmp.AddNewEmp(AddEmp.java:47)
at com.hrms.qa.testcases.AddEmpTest.AddnewEmp(AddEmpTest.java:49)
at java.base/jdk.internal.reflect.NativeMethodAccessorImpl.invoke0(Native Method)
at java.base/jdk.internal.reflect.NativeMethodAccessorImpl.invoke(NativeMethodAccessorImpl.java:62)
at java.base/jdk.internal.reflect.DelegatingMethodAccessorImpl.invoke(DelegatingMethodAccessorImpl.java:43)
at java.base/java.lang.reflect.Method.invoke(Method.java:566)
at org.testng.internal.MethodInvocationHelper.invokeMethod(MethodInvocationHelper.java:133)
at org.testng.internal.TestInvoker.invokeMethod(TestInvoker.java:584)
at org.testng.internal.TestInvoker.invokeTestMethod(TestInvoker.java:172)
at org.testng.internal.MethodRunner.runInSequence(MethodRunner.java:46)
at org.testng.internal.TestInvoker$MethodInvocationAgent.invoke(TestInvoker.java:804)
at org.testng.internal.TestInvoker.invokeTestMethods(TestInvoker.java:145)
at org.testng.internal.TestMethodWorker.invokeTestMethods(TestMethodWorker.java:146)
at org.testng.internal.TestMethodWorker.run(TestMethodWorker.java:128)
at java.base/java.util.ArrayList.forEach(ArrayList.java:1540)
at org.testng.TestRunner.privateRun(TestRunner.java:770)
at org.testng.TestRunner.run(TestRunner.java:591)
at org.testng.SuiteRunner.runTest(SuiteRunner.java:402)
at org.testng.SuiteRunner.runSequentially(SuiteRunner.java:396)
at org.testng.SuiteRunner.privateRun(SuiteRunner.java:355)
at org.testng.SuiteRunner.run(SuiteRunner.java:304)
at org.testng.SuiteRunnerWorker.runSuite(SuiteRunnerWorker.java:53)
at org.testng.SuiteRunnerWorker.run(SuiteRunnerWorker.java:96)
at org.testng.TestNG.runSuitesSequentially(TestNG.java:1180)
at org.testng.TestNG.runSuitesLocally(TestNG.java:1102)
at org.testng.TestNG.runSuites(TestNG.java:1032)
at org.testng.TestNG.run(TestNG.java:1000)
at org.testng.remote.AbstractRemoteTestNG.run(AbstractRemoteTestNG.java:115)
at org.testng.remote.RemoteTestNG.initAndRun(RemoteTestNG.java:251)
at org.testng.remote.RemoteTestNG.main(RemoteTestNG.java:77)
]]>
            </full-stacktrace>
          </exception> <!-- org.openqa.selenium.NoSuchElementException -->
          <reporter-output>
          </reporter-output>
        </test-method> <!-- AddnewEmp -->
        <test-method is-config="true" signature="tearDown()[pri:0, instance:com.hrms.qa.testcases.AddEmpTest@7c83dc97]" started-at="2020-02-28T11:37:18 IST" name="tearDown" finished-at="2020-02-28T11:37:20 IST" duration-ms="1952" status="PASS">
          <reporter-output>
          </reporter-output>
        </test-method> <!-- tearDown -->
        <test-method is-config="true" signature="SetUp()[pri:0, instance:com.hrms.qa.testcases.AddEmpTest@7c83dc97]" started-at="2020-02-28T11:37:20 IST" name="SetUp" finished-at="2020-02-28T11:37:42 IST" duration-ms="21935" status="PASS">
          <reporter-output>
          </reporter-output>
        </test-method> <!-- SetUp -->
        <test-method signature="AddnewEmp(java.lang.String, java.lang.String)[pri:0, instance:com.hrms.qa.testcases.AddEmpTest@7c83dc97]" started-at="2020-02-28T11:37:42 IST" name="AddnewEmp" data-provider="AddEmpTestData" finished-at="2020-02-28T11:37:50 IST" duration-ms="7608" status="PASS">
          <params>
            <param index="0">
              <value>
                <![CDATA[HK]]>
              </value>
            </param>
            <param index="1">
              <value>
                <![CDATA[dhann]]>
              </value>
            </param>
          </params>
          <reporter-output>
          </reporter-output>
        </test-method> <!-- AddnewEmp -->
        <test-method is-config="true" signature="tearDown()[pri:0, instance:com.hrms.qa.testcases.AddEmpTest@7c83dc97]" started-at="2020-02-28T11:37:50 IST" name="tearDown" finished-at="2020-02-28T11:37:50 IST" duration-ms="850" status="PASS">
          <reporter-output>
          </reporter-output>
        </test-method> <!-- tearDown -->
        <test-method is-config="true" signature="SetUp()[pri:0, instance:com.hrms.qa.testcases.AddEmpTest@7c83dc97]" started-at="2020-02-28T11:37:50 IST" name="SetUp" finished-at="2020-02-28T11:37:58 IST" duration-ms="7664" status="PASS">
          <reporter-output>
          </reporter-output>
        </test-method> <!-- SetUp -->
        <test-method signature="AddnewEmp(java.lang.String, java.lang.String)[pri:0, instance:com.hrms.qa.testcases.AddEmpTest@7c83dc97]" started-at="2020-02-28T11:37:58 IST" name="AddnewEmp" data-provider="AddEmpTestData" finished-at="2020-02-28T11:38:06 IST" duration-ms="7656" status="PASS">
          <params>
            <param index="0">
              <value>
                <![CDATA[BK]]>
              </value>
            </param>
            <param index="1">
              <value>
                <![CDATA[taan]]>
              </value>
            </param>
          </params>
          <reporter-output>
          </reporter-output>
        </test-method> <!-- AddnewEmp -->
        <test-method is-config="true" signature="tearDown()[pri:0, instance:com.hrms.qa.testcases.AddEmpTest@7c83dc97]" started-at="2020-02-28T11:38:06 IST" name="tearDown" finished-at="2020-02-28T11:38:06 IST" duration-ms="783" status="PASS">
          <reporter-output>
          </reporter-output>
        </test-method> <!-- tearDown -->
      </class> <!-- com.hrms.qa.testcases.AddEmpTest -->
      <class name="com.hrms.qa.testcases.LoginPageTest">
        <test-method is-config="true" signature="SetUp()[pri:0, instance:com.hrms.qa.testcases.LoginPageTest@484970b0]" started-at="2020-02-28T11:35:16 IST" name="SetUp" finished-at="2020-02-28T11:35:23 IST" duration-ms="7669" status="PASS">
          <reporter-output>
          </reporter-output>
        </test-method> <!-- SetUp -->
        <test-method signature="LoginPageTitleTest()[pri:1, instance:com.hrms.qa.testcases.LoginPageTest@484970b0]" started-at="2020-02-28T11:35:23 IST" name="LoginPageTitleTest" finished-at="2020-02-28T11:35:23 IST" duration-ms="32" status="PASS">
          <reporter-output>
          </reporter-output>
        </test-method> <!-- LoginPageTitleTest -->
        <test-method is-config="true" signature="tearDown()[pri:0, instance:com.hrms.qa.testcases.LoginPageTest@484970b0]" started-at="2020-02-28T11:35:23 IST" name="tearDown" finished-at="2020-02-28T11:35:24 IST" duration-ms="766" status="PASS">
          <reporter-output>
          </reporter-output>
        </test-method> <!-- tearDown -->
        <test-method is-config="true" signature="SetUp()[pri:0, instance:com.hrms.qa.testcases.LoginPageTest@484970b0]" started-at="2020-02-28T11:35:24 IST" name="SetUp" finished-at="2020-02-28T11:35:35 IST" duration-ms="11368" status="PASS">
          <reporter-output>
          </reporter-output>
        </test-method> <!-- SetUp -->
        <test-method signature="logoimagetest()[pri:2, instance:com.hrms.qa.testcases.LoginPageTest@484970b0]" started-at="2020-02-28T11:35:35 IST" name="logoimagetest" finished-at="2020-02-28T11:35:36 IST" duration-ms="161" status="PASS">
          <reporter-output>
          </reporter-output>
        </test-method> <!-- logoimagetest -->
        <test-method is-config="true" signature="tearDown()[pri:0, instance:com.hrms.qa.testcases.LoginPageTest@484970b0]" started-at="2020-02-28T11:35:36 IST" name="tearDown" finished-at="2020-02-28T11:35:37 IST" duration-ms="1093" status="PASS">
          <reporter-output>
          </reporter-output>
        </test-method> <!-- tearDown -->
        <test-method is-config="true" signature="SetUp()[pri:0, instance:com.hrms.qa.testcases.LoginPageTest@484970b0]" started-at="2020-02-28T11:35:37 IST" name="SetUp" finished-at="2020-02-28T11:35:55 IST" duration-ms="17895" status="PASS">
          <reporter-output>
          </reporter-output>
        </test-method> <!-- SetUp -->
        <test-method signature="loginTest()[pri:3, instance:com.hrms.qa.testcases.LoginPageTest@484970b0]" started-at="2020-02-28T11:35:55 IST" name="loginTest" finished-at="2020-02-28T11:35:58 IST" duration-ms="3180" status="PASS">
          <reporter-output>
          </reporter-output>
        </test-method> <!-- loginTest -->
        <test-method is-config="true" signature="tearDown()[pri:0, instance:com.hrms.qa.testcases.LoginPageTest@484970b0]" started-at="2020-02-28T11:35:58 IST" name="tearDown" finished-at="2020-02-28T11:35:59 IST" duration-ms="1529" status="PASS">
          <reporter-output>
          </reporter-output>
        </test-method> <!-- tearDown -->
      </class> <!-- com.hrms.qa.testcases.LoginPageTest -->
      <class name="com.hrms.qa.testcases.HomePageTest">
        <test-method is-config="true" signature="SetUp()[pri:0, instance:com.hrms.qa.testcases.HomePageTest@4470f8a6]" started-at="2020-02-28T11:35:59 IST" name="SetUp" finished-at="2020-02-28T11:36:06 IST" duration-ms="6714" status="PASS">
          <reporter-output>
          </reporter-output>
        </test-method> <!-- SetUp -->
        <test-method signature="HomePageTitleTest()[pri:1, instance:com.hrms.qa.testcases.HomePageTest@4470f8a6]" started-at="2020-02-28T11:36:06 IST" name="HomePageTitleTest" finished-at="2020-02-28T11:36:06 IST" duration-ms="21" status="PASS">
          <reporter-output>
          </reporter-output>
        </test-method> <!-- HomePageTitleTest -->
        <test-method is-config="true" signature="tearDown()[pri:0, instance:com.hrms.qa.testcases.HomePageTest@4470f8a6]" started-at="2020-02-28T11:36:06 IST" name="tearDown" finished-at="2020-02-28T11:36:07 IST" duration-ms="739" status="PASS">
          <reporter-output>
          </reporter-output>
        </test-method> <!-- tearDown -->
        <test-method is-config="true" signature="SetUp()[pri:0, instance:com.hrms.qa.testcases.HomePageTest@4470f8a6]" started-at="2020-02-28T11:36:07 IST" name="SetUp" finished-at="2020-02-28T11:36:16 IST" duration-ms="9211" status="PASS">
          <reporter-output>
          </reporter-output>
        </test-method> <!-- SetUp -->
        <test-method signature="VerifyWelcomeNote()[pri:2, instance:com.hrms.qa.testcases.HomePageTest@4470f8a6]" started-at="2020-02-28T11:36:16 IST" name="VerifyWelcomeNote" finished-at="2020-02-28T11:36:16 IST" duration-ms="92" status="PASS">
          <reporter-output>
          </reporter-output>
        </test-method> <!-- VerifyWelcomeNote -->
        <test-method is-config="true" signature="tearDown()[pri:0, instance:com.hrms.qa.testcases.HomePageTest@4470f8a6]" started-at="2020-02-28T11:36:16 IST" name="tearDown" finished-at="2020-02-28T11:36:17 IST" duration-ms="740" status="PASS">
          <reporter-output>
          </reporter-output>
        </test-method> <!-- tearDown -->
        <test-method is-config="true" signature="SetUp()[pri:0, instance:com.hrms.qa.testcases.HomePageTest@4470f8a6]" started-at="2020-02-28T11:36:17 IST" name="SetUp" finished-at="2020-02-28T11:36:24 IST" duration-ms="7177" status="PASS">
          <reporter-output>
          </reporter-output>
        </test-method> <!-- SetUp -->
        <test-method signature="VerifyReportlink()[pri:3, instance:com.hrms.qa.testcases.HomePageTest@4470f8a6]" started-at="2020-02-28T11:36:24 IST" name="VerifyReportlink" finished-at="2020-02-28T11:36:26 IST" duration-ms="1638" status="PASS">
          <reporter-output>
          </reporter-output>
        </test-method> <!-- VerifyReportlink -->
        <test-method is-config="true" signature="tearDown()[pri:0, instance:com.hrms.qa.testcases.HomePageTest@4470f8a6]" started-at="2020-02-28T11:36:26 IST" name="tearDown" finished-at="2020-02-28T11:36:27 IST" duration-ms="887" status="PASS">
          <reporter-output>
          </reporter-output>
        </test-method> <!-- tearDown -->
      </class> <!-- com.hrms.qa.testcases.HomePageTest -->
    </test> <!-- OrangeHrms -->
  </suite> <!-- Suite1 -->
</testng-results>
